**********************
Windows PowerShell transcript start
Start time: 20190605212545
Username: HTPCZA\smitp
RunAs User: HTPCZA\smitp
Configuration Name: 
Machine: HTPCZA-XPS01 (Microsoft Windows NT 10.0.18362.0)
Host Application: C:\WINDOWS\System32\WindowsPowerShell\v1.0\powershell.exe -NoProfile -NonInteractive -ExecutionPolicy Bypass -Command & 'D:\users\smitp\clouds\OneDrive - EOH\#Profile\#Tools\PortableApps\PortableApps\VSCodePortable\Data\code\extensions\ms-vscode.powershell-2019.5.0\modules\PowerShellEditorServices\Start-EditorServices.ps1' -HostName 'Visual Studio Code Host' -HostProfileId 'Microsoft.VSCode' -HostVersion '2019.5.0' -AdditionalModules @('PowerShellEditorServices.VSCode') -BundledModulesPath 'D:\users\smitp\clouds\OneDrive - EOH\#Profile\#Tools\PortableApps\PortableApps\VSCodePortable\Data\code\extensions\ms-vscode.powershell-2019.5.0\modules' -EnableConsoleRepl -LogLevel 'Normal' -LogPath 'D:\users\smitp\clouds\OneDrive - EOH\#Profile\#Tools\PortableApps\PortableApps\VSCodePortable\Data\code\extensions\ms-vscode.powershell-2019.5.0\logs\1559756405-327c20c4-aff0-4d57-bbf8-519d8d919b3b1559756378849\EditorServices.log' -SessionDetailsPath 'D:\users\smitp\clouds\OneDrive - EOH\#Profile\#Tools\PortableApps\PortableApps\VSCodePortable\Data\code\extensions\ms-vscode.powershell-2019.5.0\sessions\PSES-VSCode-1408-170269' -FeatureFlags @('PSReadLine')
Process ID: 22888
PSVersion: 5.1.18362.145
PSEdition: Desktop
PSCompatibleVersions: 1.0, 2.0, 3.0, 4.0, 5.0, 5.1.18362.145
BuildVersion: 10.0.18362.145
CLRVersion: 4.0.30319.42000
WSManStackVersion: 3.0
PSRemotingProtocolVersion: 2.3
SerializationVersion: 1.1.0.1
**********************
Transcript started, output file is D:\users\smitp\GitRepository\XDHealthCheck\Modules\CTXHealthCheck\Private\Setup\Reports\logs\XD_TransmissionLogs.2019.06.05-21.25.log
VERBOSE: 21:25:45 [Proccessing] Importing Variables
Using these Variables

Name            Value                 #comment                                                              Type     Scope
----            -----                 --------                                                              ----     -----
CTXDDC          core-svr01.htpcza.com  A Single Citrix Data Collector FQDN                                  [string] Local
CTXStoreFront   core-svr01.htpcza.com  A Single Citrix StoreFront FQDN                                      [string] Local
RDSLicensServer core-svr01.htpcza.com  RDS LicenseServer FQDN                                               [string] Local
RDSLicensType   Per Device             Add RDS License Type (Per Device / Per User)                         [string] Local
ReportsPath     c:\temp                Path to the Reports Folder                                           [string] Local
SaveExcelReport false                  Save Config Changes and eventlogs to an excel report (true / false)  [bool]   Local


VERBOSE: 21:25:45 [Starting] Variable Details
VERBOSE: 21:26:08 [Proccessing] Collecting Farm Details
Get-CitrixLicenseInformation : The term 'Get-CitrixLicenseInformation' is not recognized as the name of a cmdlet, 
function, script file, or operable program. Check the spelling of the name, or if a path was included, verify that the 
path is correct and try again.
At C:\Program Files\WindowsPowerShell\Modules\CTXHealthCheck\Public\Initialize-CitrixHealthCheck.ps1:129 char:29
+ $CitrixLicenseInformation = Get-CitrixLicenseInformation -AdminServer ...
+                             ~~~~~~~~~~~~~~~~~~~~~~~~~~~~
    + CategoryInfo          : ObjectNotFound: (Get-CitrixLicenseInformation:String) [], CommandNotFoundException
    + FullyQualifiedErrorId : CommandNotFoundException
Get-CitrixLicenseInformation : The term 'Get-CitrixLicenseInformation' is not recognized as the name of a cmdlet, function, script file, or operable program. Check the spelling of the name, or if a path was included, verify that the path is correct and try again.
At C:\Program Files\WindowsPowerShell\Modules\CTXHealthCheck\Public\Initialize-CitrixHealthCheck.ps1:129 char:29
+ $CitrixLicenseInformation = Get-CitrixLicenseInformation -AdminServer ...
+                             ~~~~~~~~~~~~~~~~~~~~~~~~~~~~
    + CategoryInfo          : ObjectNotFound: (Get-CitrixLicenseInformation:String) [], CommandNotFoundException
    + FullyQualifiedErrorId : CommandNotFoundException

Get-CitrixFarmDetails : The term 'Get-CitrixFarmDetails' is not recognized as the name of a cmdlet, function, script 
file, or operable program. Check the spelling of the name, or if a path was included, verify that the path is correct 
and try again.
At C:\Program Files\WindowsPowerShell\Modules\CTXHealthCheck\Public\Initialize-CitrixHealthCheck.ps1:130 char:28
+ $CitrixRemoteFarmDetails = Get-CitrixFarmDetails -AdminServer $CTXDDC ...
+                            ~~~~~~~~~~~~~~~~~~~~~
    + CategoryInfo          : ObjectNotFound: (Get-CitrixFarmDetails:String) [], CommandNotFoundException
    + FullyQualifiedErrorId : CommandNotFoundException
Get-CitrixFarmDetails : The term 'Get-CitrixFarmDetails' is not recognized as the name of a cmdlet, function, script file, or operable program. Check the spelling of the name, or if a path was included, verify that the path is correct and try again.
At C:\Program Files\WindowsPowerShell\Modules\CTXHealthCheck\Public\Initialize-CitrixHealthCheck.ps1:130 char:28
+ $CitrixRemoteFarmDetails = Get-CitrixFarmDetails -AdminServer $CTXDDC ...
+                            ~~~~~~~~~~~~~~~~~~~~~
    + CategoryInfo          : ObjectNotFound: (Get-CitrixFarmDetails:String) [], CommandNotFoundException
    + FullyQualifiedErrorId : CommandNotFoundException

Get-CitrixServerEventLogs : The term 'Get-CitrixServerEventLogs' is not recognized as the name of a cmdlet, function, 
script file, or operable program. Check the spelling of the name, or if a path was included, verify that the path is 
correct and try again.
At C:\Program Files\WindowsPowerShell\Modules\CTXHealthCheck\Public\Initialize-CitrixHealthCheck.ps1:131 char:26
+ $CitrixServerEventLogs = Get-CitrixServerEventLogs -Serverlist $CTXCo ...
+                          ~~~~~~~~~~~~~~~~~~~~~~~~~
    + CategoryInfo          : ObjectNotFound: (Get-CitrixServerEventLogs:String) [], CommandNotFoundException
    + FullyQualifiedErrorId : CommandNotFoundException
Get-CitrixServerEventLogs : The term 'Get-CitrixServerEventLogs' is not recognized as the name of a cmdlet, function, script file, or operable program. Check the spelling of the name, or if a path was included, verify that the path is correct and try again.
At C:\Program Files\WindowsPowerShell\Modules\CTXHealthCheck\Public\Initialize-CitrixHealthCheck.ps1:131 char:26
+ $CitrixServerEventLogs = Get-CitrixServerEventLogs -Serverlist $CTXCo ...
+                          ~~~~~~~~~~~~~~~~~~~~~~~~~
    + CategoryInfo          : ObjectNotFound: (Get-CitrixServerEventLogs:String) [], CommandNotFoundException
    + FullyQualifiedErrorId : CommandNotFoundException

Get-RDSLicenseInformation : The term 'Get-RDSLicenseInformation' is not recognized as the name of a cmdlet, function, 
script file, or operable program. Check the spelling of the name, or if a path was included, verify that the path is 
correct and try again.
At C:\Program Files\WindowsPowerShell\Modules\CTXHealthCheck\Public\Initialize-CitrixHealthCheck.ps1:132 char:26
+ $RDSLicenseInformation = Get-RDSLicenseInformation -LicenseServer $RD ...
+                          ~~~~~~~~~~~~~~~~~~~~~~~~~
    + CategoryInfo          : ObjectNotFound: (Get-RDSLicenseInformation:String) [], CommandNotFoundException
    + FullyQualifiedErrorId : CommandNotFoundException
Get-RDSLicenseInformation : The term 'Get-RDSLicenseInformation' is not recognized as the name of a cmdlet, function, script file, or operable program. Check the spelling of the name, or if a path was included, verify that the path is correct and try again.
At C:\Program Files\WindowsPowerShell\Modules\CTXHealthCheck\Public\Initialize-CitrixHealthCheck.ps1:132 char:26
+ $RDSLicenseInformation = Get-RDSLicenseInformation -LicenseServer $RD ...
+                          ~~~~~~~~~~~~~~~~~~~~~~~~~
    + CategoryInfo          : ObjectNotFound: (Get-RDSLicenseInformation:String) [], CommandNotFoundException
    + FullyQualifiedErrorId : CommandNotFoundException

Get-CitrixConfigurationChanges : The term 'Get-CitrixConfigurationChanges' is not recognized as the name of a cmdlet, 
function, script file, or operable program. Check the spelling of the name, or if a path was included, verify that the 
path is correct and try again.
At C:\Program Files\WindowsPowerShell\Modules\CTXHealthCheck\Public\Initialize-CitrixHealthCheck.ps1:133 char:31
+ $CitrixConfigurationChanges = Get-CitrixConfigurationChanges -AdminSe ...
+                               ~~~~~~~~~~~~~~~~~~~~~~~~~~~~~~
    + CategoryInfo          : ObjectNotFound: (Get-CitrixConfigurationChanges:String) [], CommandNotFoundException
    + FullyQualifiedErrorId : CommandNotFoundException
Get-CitrixConfigurationChanges : The term 'Get-CitrixConfigurationChanges' is not recognized as the name of a cmdlet, function, script file, or operable program. Check the spelling of the name, or if a path was included, verify that the path is correct and try again.
At C:\Program Files\WindowsPowerShell\Modules\CTXHealthCheck\Public\Initialize-CitrixHealthCheck.ps1:133 char:31
+ $CitrixConfigurationChanges = Get-CitrixConfigurationChanges -AdminSe ...
+                               ~~~~~~~~~~~~~~~~~~~~~~~~~~~~~~
    + CategoryInfo          : ObjectNotFound: (Get-CitrixConfigurationChanges:String) [], CommandNotFoundException
    + FullyQualifiedErrorId : CommandNotFoundException

Get-StoreFrontDetails : The term 'Get-StoreFrontDetails' is not recognized as the name of a cmdlet, function, script 
file, or operable program. Check the spelling of the name, or if a path was included, verify that the path is correct 
and try again.
At C:\Program Files\WindowsPowerShell\Modules\CTXHealthCheck\Public\Initialize-CitrixHealthCheck.ps1:134 char:22
+ $StoreFrontDetails = Get-StoreFrontDetails -StoreFrontServer $CTXStor ...
+                      ~~~~~~~~~~~~~~~~~~~~~
    + CategoryInfo          : ObjectNotFound: (Get-StoreFrontDetails:String) [], CommandNotFoundException
    + FullyQualifiedErrorId : CommandNotFoundException
Get-StoreFrontDetails : The term 'Get-StoreFrontDetails' is not recognized as the name of a cmdlet, function, script file, or operable program. Check the spelling of the name, or if a path was included, verify that the path is correct and try again.
At C:\Program Files\WindowsPowerShell\Modules\CTXHealthCheck\Public\Initialize-CitrixHealthCheck.ps1:134 char:22
+ $StoreFrontDetails = Get-StoreFrontDetails -StoreFrontServer $CTXStor ...
+                      ~~~~~~~~~~~~~~~~~~~~~
    + CategoryInfo          : ObjectNotFound: (Get-StoreFrontDetails:String) [], CommandNotFoundException
    + FullyQualifiedErrorId : CommandNotFoundException

Get-CitrixServerPerformance : The term 'Get-CitrixServerPerformance' is not recognized as the name of a cmdlet, 
function, script file, or operable program. Check the spelling of the name, or if a path was included, verify that the 
path is correct and try again.
At C:\Program Files\WindowsPowerShell\Modules\CTXHealthCheck\Public\Initialize-CitrixHealthCheck.ps1:135 char:22
+ $ServerPerformance = Get-CitrixServerPerformance -Serverlist $CTXCore ...
+                      ~~~~~~~~~~~~~~~~~~~~~~~~~~~
    + CategoryInfo          : ObjectNotFound: (Get-CitrixServerPerformance:String) [], CommandNotFoundException
    + FullyQualifiedErrorId : CommandNotFoundException
Get-CitrixServerPerformance : The term 'Get-CitrixServerPerformance' is not recognized as the name of a cmdlet, function, script file, or operable program. Check the spelling of the name, or if a path was included, verify that the path is correct and try again.
At C:\Program Files\WindowsPowerShell\Modules\CTXHealthCheck\Public\Initialize-CitrixHealthCheck.ps1:135 char:22
+ $ServerPerformance = Get-CitrixServerPerformance -Serverlist $CTXCore ...
+                      ~~~~~~~~~~~~~~~~~~~~~~~~~~~
    + CategoryInfo          : ObjectNotFound: (Get-CitrixServerPerformance:String) [], CommandNotFoundException
    + FullyQualifiedErrorId : CommandNotFoundException

VERBOSE: 21:26:10 [Proccessing]Building Red Flags
VERBOSE: 21:26:10 [Proccessing] Building HTML Page
VERBOSE: 21:26:12 [Ending]Healthcheck Complete


Days    : 0
Hours   : 0
Minutes : 0
Seconds : 27



**********************
Windows PowerShell transcript end
End time: 20190605212613
**********************
